<?xml version="1.0" encoding="UTF-8"?>
<testng-results ignored="0" total="2" passed="2" failed="0" skipped="0">
  <reporter-output>
    <line>
      <![CDATA[<a title= "Snapshot" href="C:\Users\joesu\eclipse-workspace\Automation_Testing_world\.\Screenshots\nothing.png"><img width="418" height="240" alt="alternativeName" title="title" src="../surefire-reports/html/screenshots/./Screenshots/nothing.png"</a>]]>
    </line>
  </reporter-output>
  <suite started-at="2021-03-04T21:15:19 IST" name="Suite" finished-at="2021-03-04T21:15:35 IST" duration-ms="16007">
    <groups>
    </groups>
    <test started-at="2021-03-04T21:15:19 IST" name="Test" finished-at="2021-03-04T21:15:35 IST" duration-ms="16007">
      <class name="com.org.testcases.Registrationfunctionality">
        <test-method is-config="true" signature="startBrowser()[pri:0, instance:com.org.testcases.Registrationfunctionality@4cc451f2]" started-at="2021-03-04T21:15:19 IST" name="startBrowser" finished-at="2021-03-04T21:15:25 IST" duration-ms="5492" status="PASS">
          <reporter-output>
          </reporter-output>
        </test-method> <!-- startBrowser -->
        <test-method signature="TC001()[pri:0, instance:com.org.testcases.Registrationfunctionality@4cc451f2]" started-at="2021-03-04T21:15:25 IST" name="TC001" finished-at="2021-03-04T21:15:26 IST" duration-ms="1165" status="PASS">
          <reporter-output>
          </reporter-output>
        </test-method> <!-- TC001 -->
      </class> <!-- com.org.testcases.Registrationfunctionality -->
      <class name="com.org.testcases.LoginPagetestcases">
        <test-method is-config="true" signature="startBrowser()[pri:0, instance:com.org.testcases.LoginPagetestcases@6379eb]" started-at="2021-03-04T21:15:26 IST" name="startBrowser" finished-at="2021-03-04T21:15:31 IST" duration-ms="5044" status="PASS">
          <reporter-output>
          </reporter-output>
        </test-method> <!-- startBrowser -->
        <test-method signature="TC002()[pri:0, instance:com.org.testcases.LoginPagetestcases@6379eb]" started-at="2021-03-04T21:15:31 IST" name="TC002" finished-at="2021-03-04T21:15:35 IST" duration-ms="4255" status="PASS">
          <reporter-output>
            <line>
              <![CDATA[<a title= "Snapshot" href="C:\Users\joesu\eclipse-workspace\Automation_Testing_world\.\Screenshots\nothing.png"><img width="418" height="240" alt="alternativeName" title="title" src="../surefire-reports/html/screenshots/./Screenshots/nothing.png"</a>]]>
            </line>
          </reporter-output>
        </test-method> <!-- TC002 -->
      </class> <!-- com.org.testcases.LoginPagetestcases -->
    </test> <!-- Test -->
  </suite> <!-- Suite -->
</testng-results>
